I, [2019-06-26T16:23:23.813713 #37910]  INFO -- : Registered expected interaction GET /updates
D, [2019-06-26T16:23:23.813910 #37910] DEBUG -- : {
  "description": "a request for JSON data",
  "request": {
    "method": "GET",
    "path": "/updates"
  },
  "response": {
    "status": 200,
    "headers": {
      "Content-Type": "application/json; charset=utf-8"
    },
    "body": {
      "count": {
        "json_class": "Pact::SomethingLike",
        "contents": 5
      },
      "userId": {
        "json_class": "Pact::SomethingLike",
        "contents": "53474fgrbvc564w4554"
      },
      "error": null,
      "updates": [
        {
          "id": {
            "json_class": "Pact::SomethingLike",
            "contents": 1
          },
          "text": {
            "json_class": "Pact::SomethingLike",
            "contents": "Update one"
          },
          "canShareDirect": {
            "json_class": "Pact::SomethingLike",
            "contents": true
          }
        }
      ]
    }
  }
}
I, [2019-06-26T16:23:23.822539 #37910]  INFO -- : Received request GET /updates
D, [2019-06-26T16:23:23.822765 #37910] DEBUG -- : {
  "path": "/updates",
  "query": "",
  "method": "get",
  "headers": {
    "Host": "localhost:9123",
    "Accept-Encoding": "gzip, deflate",
    "User-Agent": "node-superagent/3.8.3",
    "Connection": "close",
    "Version": "HTTP/1.1"
  }
}
I, [2019-06-26T16:23:23.823073 #37910]  INFO -- : Found matching response for GET /updates
D, [2019-06-26T16:23:23.823322 #37910] DEBUG -- : {
  "status": 200,
  "headers": {
    "Content-Type": "application/json; charset=utf-8"
  },
  "body": {
    "count": {
      "json_class": "Pact::SomethingLike",
      "contents": 5
    },
    "userId": {
      "json_class": "Pact::SomethingLike",
      "contents": "53474fgrbvc564w4554"
    },
    "error": null,
    "updates": [
      {
        "id": {
          "json_class": "Pact::SomethingLike",
          "contents": 1
        },
        "text": {
          "json_class": "Pact::SomethingLike",
          "contents": "Update one"
        },
        "canShareDirect": {
          "json_class": "Pact::SomethingLike",
          "contents": true
        }
      }
    ]
  }
}
I, [2019-06-26T16:23:23.829753 #37910]  INFO -- : Verifying - interactions matched
I, [2019-06-26T16:23:23.832132 #37910]  INFO -- : Cleared interactions
I, [2019-06-26T16:23:23.835088 #37910]  INFO -- : Writing pact for Updates Provider to /Users/user/Dev/Demo/pacts/updates_consumer-updates_provider.json
